# timestamp | duration | file | instruction | dir | modtime | etag | size | fileId | status | errorString | http result code | other size | other modtime | other etag | other fileId | other instruction
#=#=#=# Syncrun started 2017-08-09T13:16:46 until 2017-08-09T13:17:33 (46343 msec)
|0|Config-Files|INST_SYNC|Up|1502276525||4096||4||0|0|1455567189|56c446962ad74|00056760oczobpympsb1|INST_NONE|
11:17:18|1891|Config-Files/config-Linux|INST_NEW|Up|1502276069||4096||4||201|0|0|||INST_NONE|
11:17:20|1715|Config-Files/config-Linux/fp-lib-table|INST_NEW|Up|1501855352||11524||4||201|0|0|||INST_NONE|
11:17:21|2007|Config-Files/config-Linux/fp-lib-table.for-eagle-6.4.0|INST_NEW|Up|1501855352||31628||4||201|0|0|||INST_NONE|
11:17:21|1915|Config-Files/config-Linux/fp-lib-table.for-github|INST_NEW|Up|1501855352||11524||4||201|0|0|||INST_NONE|
11:17:22|1861|Config-Files/config-Linux/fp-lib-table.for-legacy|INST_NEW|Up|1501855352||8745||4||201|0|0|||INST_NONE|
11:17:23|1477|Config-Files/config-Linux/fp-lib-table.for-pretty|INST_NEW|Up|1501855352||11437||4||201|0|0|||INST_NONE|
11:17:23|1385|Config-Files/config-Linux/gost_landscape.kicad_wks|INST_NEW|Up|1502198268||8671||4||201|0|0|||INST_NONE|
11:17:24|1364|Config-Files/config-Linux/gost_portrait.kicad_wks|INST_NEW|Up|1502198268||8669||4||201|0|0|||INST_NONE|
11:17:25|1917|Config-Files/config-Linux/pagelayout_default.kicad_wks|INST_NEW|Up|1502198268||2027||4||201|0|0|||INST_NONE|
11:17:25|1930|Config-Files/config-Linux/pagelayout_logo.kicad_wks|INST_NEW|Up|1502198268||16710||4||201|0|0|||INST_NONE|
11:17:25|1860|Config-Files/config-Linux/sym-lib-table|INST_NEW|Up|1501855352||11627||4||201|0|0|||INST_NONE|
11:17:18|1790|Config-Files/config-Windows|INST_NEW|Up|1502274026||4096||4||201|0|0|||INST_NONE|
11:17:27|2021|Config-Files/config-Windows/eeschema|INST_NEW|Up|1502275045||3603||4||201|0|0|||INST_NONE|
11:17:27|2108|Config-Files/config-Windows/fp-lib-table|INST_NEW|Up|1502274906||23704||4||201|0|0|||INST_NONE|
11:17:27|1995|Config-Files/config-Windows/kicad|INST_NEW|Up|1502275045||1134||4||201|0|0|||INST_NONE|
11:17:29|2003|Config-Files/config-Windows/kicad_common|INST_NEW|Up|1502275045||763||4||201|0|0|||INST_NONE|
11:17:29|1918|Config-Files/config-Windows/pcbnew|INST_NEW|Up|1502275045||6434||4||201|0|0|||INST_NONE|
11:17:29|1923|Config-Files/config-Windows/sym-lib-table|INST_NEW|Up|1495488104||11627||4||201|0|0|||INST_NONE|
|0|kicad-resources/kicad-librarys/Symbols|INST_SYNC|Up|1477972540||4096||4||0|0|1502110289|59886251be0b0|00010674oczobpympsb1|INST_NONE|
|0|kicad-resources/kicad-librarys/Symbols/Github|INST_SYNC|Up|1502276977||4096||4||0|0|1474464101|57e2896647d21|00094780oczobpympsb1|INST_NONE|
11:17:18|3081|kicad-resources/kicad-librarys/Symbols/Github/ac-dc.lib|INST_SYNC|Up|1502276977||10584||4||204|10575|1468185450|9a50c9cd711dcb8dc3fe157a80823e32|00094802oczobpympsb1|INST_NONE|
11:17:18|3040|kicad-resources/kicad-librarys/Symbols/Github/adc-dac.dcm|INST_SYNC|Up|1502276741||15992||4||204|15992|1468185450|57273001a1ccd40dbbc42abdce87974f|00094805oczobpympsb1|INST_NONE|
11:17:31|1794|kicad-resources/kicad-librarys/Templates/kicad-Linux.pro|INST_NEW|Up|1502268918||8389||4||201|0|0|||INST_NONE|
11:17:31|1857|kicad-resources/kicad-librarys/Templates/kicad-Windows.pro|INST_NEW|Up|1502271294||8561||4||201|0|0|||INST_NONE|
#=#=#=# Syncrun started 2017-08-09T13:18:21 until 2017-08-09T13:18:25 (3946 msec)
#=#=#=# Syncrun started 2017-08-09T14:15:08 until 2017-08-09T14:15:26 (18165 msec)
|0|Config-Files|INST_SYNC|Up|1502276525||4096||4||0|0|1502277450|598aef4aecc55|00056760oczobpympsb1|INST_NONE|
|0|Config-Files/config-Windows|INST_SYNC|Up|1502274026||4096||4||0|0|1502277450|598aef4aecc55|00305002oczobpympsb1|INST_NONE|
12:15:10|7335|Config-Files/config-Windows/eeschema|INST_SYNC|Up|1502280788||3877||4||204|3603|1502275045|0361c16aa769a7468ec31ea0326199f7|00305015oczobpympsb1|INST_NONE|
12:15:10|7465|Config-Files/config-Windows/fp-lib-table|INST_SYNC|Up|1502280791||23703||4||204|23704|1502274906|b5e8bdcd6e2dacfa30a6cefa250b926f|00305016oczobpympsb1|INST_NONE|
12:15:10|6977|Config-Files/config-Windows/kicad|INST_SYNC|Up|1502280833||1403||4||204|1134|1502275045|64077cca1472f511b86ef8bdc841c354|00305017oczobpympsb1|INST_NONE|
12:15:17|8716|Config-Files/config-Windows/kicad_common|INST_SYNC|Up|1502280833||702||4||204|763|1502275045|0c7d66abff80263ec0f3c8725ffda5b1|00305018oczobpympsb1|INST_NONE|
12:15:17|8133|Config-Files/config-Windows/pcbnew|INST_SYNC|Up|1502280833||6602||4||204|6434|1502275045|c125f086b7a1d6a9c46ade524b80bc07|00305019oczobpympsb1|INST_NONE|
12:15:17|8524|Config-Files/config-Windows/sym-lib-table|INST_SYNC|Up|1502276680||11717||4||204|11627|1495488104|82de9f41d5a9c584f18b0361a93d4411|00305020oczobpympsb1|INST_NONE|
#=#=#=# Syncrun started 2017-08-09T14:15:33 until 2017-08-09T14:15:45 (11915 msec)
|0|kicad-resources|INST_SYNC|Up|1487747471||4096||4||0|0|1502277452|598aef4cbf800|00006469oczobpympsb1|INST_NONE|
|0|kicad-resources/kicad-librarys|INST_SYNC|Up|1502213248||4096||4||0|0|1502277452|598aef4cbf800|00006470oczobpympsb1|INST_NONE|
|0|kicad-resources/kicad-librarys/Templates|INST_SYNC|Up|1502275657||4096||4||0|0|1502277452|598aef4cbf800|00095065oczobpympsb1|INST_NONE|
12:15:38|6509|kicad-resources/kicad-librarys/Templates/kicad-Windows.pro|INST_SYNC|Up|1502280507||8603||4||204|8561|1502271294|7ba8917cdd0c7c73b555bd5df2c7dbab|00305022oczobpympsb1|INST_NONE|
